<?xml version="1.0" encoding="UTF-8"?>
<testsuite name="com.writerkang.springboot.web.IndexControllerTest" tests="1" skipped="0" failures="0" errors="0" timestamp="2021-04-13T14:38:38" hostname="writerkangui-MacBookAir.local" time="0.128">
  <properties/>
  <testcase name="load_MainPage" classname="com.writerkang.springboot.web.IndexControllerTest" time="0.128"/>
  <system-out><![CDATA[23:38:35.774 [Test worker] DEBUG org.springframework.test.context.junit4.SpringJUnit4ClassRunner - SpringJUnit4ClassRunner constructor called with [class com.writerkang.springboot.web.IndexControllerTest]
23:38:35.777 [Test worker] DEBUG org.springframework.test.context.BootstrapUtils - Instantiating CacheAwareContextLoaderDelegate from class [org.springframework.test.context.cache.DefaultCacheAwareContextLoaderDelegate]
23:38:35.781 [Test worker] DEBUG org.springframework.test.context.BootstrapUtils - Instantiating BootstrapContext using constructor [public org.springframework.test.context.support.DefaultBootstrapContext(java.lang.Class,org.springframework.test.context.CacheAwareContextLoaderDelegate)]
23:38:35.790 [Test worker] DEBUG org.springframework.test.context.BootstrapUtils - Instantiating TestContextBootstrapper for test class [com.writerkang.springboot.web.IndexControllerTest] from class [org.springframework.boot.test.context.SpringBootTestContextBootstrapper]
23:38:35.798 [Test worker] INFO org.springframework.boot.test.context.SpringBootTestContextBootstrapper - Neither @ContextConfiguration nor @ContextHierarchy found for test class [com.writerkang.springboot.web.IndexControllerTest], using SpringBootContextLoader
23:38:35.800 [Test worker] DEBUG org.springframework.test.context.support.AbstractContextLoader - Did not detect default resource location for test class [com.writerkang.springboot.web.IndexControllerTest]: class path resource [com/writerkang/springboot/web/IndexControllerTest-context.xml] does not exist
23:38:35.800 [Test worker] DEBUG org.springframework.test.context.support.AbstractContextLoader - Did not detect default resource location for test class [com.writerkang.springboot.web.IndexControllerTest]: class path resource [com/writerkang/springboot/web/IndexControllerTestContext.groovy] does not exist
23:38:35.800 [Test worker] INFO org.springframework.test.context.support.AbstractContextLoader - Could not detect default resource locations for test class [com.writerkang.springboot.web.IndexControllerTest]: no resource found for suffixes {-context.xml, Context.groovy}.
23:38:35.801 [Test worker] INFO org.springframework.test.context.support.AnnotationConfigContextLoaderUtils - Could not detect default configuration classes for test class [com.writerkang.springboot.web.IndexControllerTest]: IndexControllerTest does not declare any static, non-private, non-final, nested classes annotated with @Configuration.
23:38:35.818 [Test worker] DEBUG org.springframework.test.context.support.ActiveProfilesUtils - Could not find an 'annotation declaring class' for annotation type [org.springframework.test.context.ActiveProfiles] and class [com.writerkang.springboot.web.IndexControllerTest]
23:38:35.861 [Test worker] DEBUG org.springframework.context.annotation.ClassPathScanningCandidateComponentProvider - Identified candidate component class: file [/Users/writerkang/IdeaProjects/springboot/build/classes/java/main/com/writerkang/springboot/Application.class]
23:38:35.862 [Test worker] INFO org.springframework.boot.test.context.SpringBootTestContextBootstrapper - Found @SpringBootConfiguration com.writerkang.springboot.Application for test class com.writerkang.springboot.web.IndexControllerTest
23:38:35.896 [Test worker] DEBUG org.springframework.boot.test.context.SpringBootTestContextBootstrapper - @TestExecutionListeners is not present for class [com.writerkang.springboot.web.IndexControllerTest]: using defaults.
23:38:35.896 [Test worker] INFO org.springframework.boot.test.context.SpringBootTestContextBootstrapper - Loaded default TestExecutionListener class names from location [META-INF/spring.factories]: [org.springframework.boot.test.autoconfigure.restdocs.RestDocsTestExecutionListener, org.springframework.boot.test.autoconfigure.web.client.MockRestServiceServerResetTestExecutionListener, org.springframework.boot.test.autoconfigure.web.servlet.MockMvcPrintOnlyOnFailureTestExecutionListener, org.springframework.boot.test.autoconfigure.web.servlet.WebDriverTestExecutionListener, org.springframework.boot.test.mock.mockito.MockitoTestExecutionListener, org.springframework.boot.test.mock.mockito.ResetMocksTestExecutionListener, org.springframework.test.context.web.ServletTestExecutionListener, org.springframework.test.context.support.DirtiesContextBeforeModesTestExecutionListener, org.springframework.test.context.support.DependencyInjectionTestExecutionListener, org.springframework.test.context.support.DirtiesContextTestExecutionListener, org.springframework.test.context.transaction.TransactionalTestExecutionListener, org.springframework.test.context.jdbc.SqlScriptsTestExecutionListener]
23:38:35.903 [Test worker] INFO org.springframework.boot.test.context.SpringBootTestContextBootstrapper - Using TestExecutionListeners: [org.springframework.test.context.web.ServletTestExecutionListener@3684c14e, org.springframework.test.context.support.DirtiesContextBeforeModesTestExecutionListener@283a6887, org.springframework.boot.test.mock.mockito.MockitoTestExecutionListener@1fa6b5a8, org.springframework.boot.test.autoconfigure.SpringBootDependencyInjectionTestExecutionListener@37bc425, org.springframework.test.context.support.DirtiesContextTestExecutionListener@1365fbb5, org.springframework.test.context.transaction.TransactionalTestExecutionListener@6860c70e, org.springframework.test.context.jdbc.SqlScriptsTestExecutionListener@4241245f, org.springframework.boot.test.autoconfigure.restdocs.RestDocsTestExecutionListener@1fc68ade, org.springframework.boot.test.autoconfigure.web.client.MockRestServiceServerResetTestExecutionListener@23c262c0, org.springframework.boot.test.autoconfigure.web.servlet.MockMvcPrintOnlyOnFailureTestExecutionListener@4d749901, org.springframework.boot.test.autoconfigure.web.servlet.WebDriverTestExecutionListener@6dc2f2c, org.springframework.boot.test.mock.mockito.ResetMocksTestExecutionListener@2d67d553]
23:38:35.905 [Test worker] DEBUG org.springframework.test.annotation.ProfileValueUtils - Retrieved @ProfileValueSourceConfiguration [null] for test class [com.writerkang.springboot.web.IndexControllerTest]
23:38:35.905 [Test worker] DEBUG org.springframework.test.annotation.ProfileValueUtils - Retrieved ProfileValueSource type [class org.springframework.test.annotation.SystemProfileValueSource] for class [com.writerkang.springboot.web.IndexControllerTest]
23:38:35.907 [Test worker] DEBUG org.springframework.test.annotation.ProfileValueUtils - Retrieved @ProfileValueSourceConfiguration [null] for test class [com.writerkang.springboot.web.IndexControllerTest]
23:38:35.907 [Test worker] DEBUG org.springframework.test.annotation.ProfileValueUtils - Retrieved ProfileValueSource type [class org.springframework.test.annotation.SystemProfileValueSource] for class [com.writerkang.springboot.web.IndexControllerTest]
23:38:35.907 [Test worker] DEBUG org.springframework.test.annotation.ProfileValueUtils - Retrieved @ProfileValueSourceConfiguration [null] for test class [com.writerkang.springboot.web.IndexControllerTest]
23:38:35.907 [Test worker] DEBUG org.springframework.test.annotation.ProfileValueUtils - Retrieved ProfileValueSource type [class org.springframework.test.annotation.SystemProfileValueSource] for class [com.writerkang.springboot.web.IndexControllerTest]
23:38:35.908 [Test worker] DEBUG org.springframework.test.context.support.AbstractDirtiesContextTestExecutionListener - Before test class: context [DefaultTestContext@60dfc2f8 testClass = IndexControllerTest, testInstance = [null], testMethod = [null], testException = [null], mergedContextConfiguration = [WebMergedContextConfiguration@72947ee3 testClass = IndexControllerTest, locations = '{}', classes = '{class com.writerkang.springboot.Application}', contextInitializerClasses = '[]', activeProfiles = '{}', propertySourceLocations = '{}', propertySourceProperties = '{org.springframework.boot.test.context.SpringBootTestContextBootstrapper=true, server.port=0}', contextCustomizers = set[org.springframework.boot.test.autoconfigure.properties.PropertyMappingContextCustomizer@0, org.springframework.boot.test.autoconfigure.web.servlet.WebDriverContextCustomizerFactory$Customizer@6509a7c8, org.springframework.boot.test.context.filter.ExcludeFilterContextCustomizer@ff24d63, org.springframework.boot.test.json.DuplicateJsonObjectContextCustomizerFactory$DuplicateJsonObjectContextCustomizer@6f83c333, org.springframework.boot.test.mock.mockito.MockitoContextCustomizer@0, org.springframework.boot.test.web.client.TestRestTemplateContextCustomizer@7ee2d81c], resourceBasePath = 'src/main/webapp', contextLoader = 'org.springframework.boot.test.context.SpringBootContextLoader', parent = [null]], attributes = map['org.springframework.test.context.web.ServletTestExecutionListener.activateListener' -> false]], class annotated with @DirtiesContext [false] with mode [null].
23:38:35.909 [Test worker] DEBUG org.springframework.test.annotation.ProfileValueUtils - Retrieved @ProfileValueSourceConfiguration [null] for test class [com.writerkang.springboot.web.IndexControllerTest]
23:38:35.909 [Test worker] DEBUG org.springframework.test.annotation.ProfileValueUtils - Retrieved ProfileValueSource type [class org.springframework.test.annotation.SystemProfileValueSource] for class [com.writerkang.springboot.web.IndexControllerTest]
23:38:35.910 [Test worker] DEBUG org.springframework.test.context.support.DependencyInjectionTestExecutionListener - Performing dependency injection for test context [[DefaultTestContext@60dfc2f8 testClass = IndexControllerTest, testInstance = com.writerkang.springboot.web.IndexControllerTest@2a020e8, testMethod = [null], testException = [null], mergedContextConfiguration = [WebMergedContextConfiguration@72947ee3 testClass = IndexControllerTest, locations = '{}', classes = '{class com.writerkang.springboot.Application}', contextInitializerClasses = '[]', activeProfiles = '{}', propertySourceLocations = '{}', propertySourceProperties = '{org.springframework.boot.test.context.SpringBootTestContextBootstrapper=true, server.port=0}', contextCustomizers = set[org.springframework.boot.test.autoconfigure.properties.PropertyMappingContextCustomizer@0, org.springframework.boot.test.autoconfigure.web.servlet.WebDriverContextCustomizerFactory$Customizer@6509a7c8, org.springframework.boot.test.context.filter.ExcludeFilterContextCustomizer@ff24d63, org.springframework.boot.test.json.DuplicateJsonObjectContextCustomizerFactory$DuplicateJsonObjectContextCustomizer@6f83c333, org.springframework.boot.test.mock.mockito.MockitoContextCustomizer@0, org.springframework.boot.test.web.client.TestRestTemplateContextCustomizer@7ee2d81c], resourceBasePath = 'src/main/webapp', contextLoader = 'org.springframework.boot.test.context.SpringBootContextLoader', parent = [null]], attributes = map['org.springframework.test.context.web.ServletTestExecutionListener.activateListener' -> false]]].
23:38:35.918 [Test worker] DEBUG org.springframework.test.context.support.TestPropertySourceUtils - Adding inlined properties to environment: {spring.jmx.enabled=false, org.springframework.boot.test.context.SpringBootTestContextBootstrapper=true, server.port=0}

  .   ____          _            __ _ _
 /\\ / ___'_ __ _ _(_)_ __  __ _ \ \ \ \
( ( )\___ | '_ | '_| | '_ \/ _` | \ \ \ \
 \\/  ___)| |_)| | | | | || (_| |  ) ) ) )
  '  |____| .__|_| |_|_| |_\__, | / / / /
 =========|_|==============|___/=/_/_/_/
 :: Spring Boot ::        (v2.1.7.RELEASE)

2021-04-13 23:38:36.167  INFO 1465 --- [    Test worker] c.w.springboot.web.IndexControllerTest   : Starting IndexControllerTest on writerkangui-MacBookAir.local with PID 1465 (started by writerkang in /Users/writerkang/IdeaProjects/springboot)
2021-04-13 23:38:36.168  INFO 1465 --- [    Test worker] c.w.springboot.web.IndexControllerTest   : No active profile set, falling back to default profiles: default
2021-04-13 23:38:36.481  INFO 1465 --- [    Test worker] .s.d.r.c.RepositoryConfigurationDelegate : Bootstrapping Spring Data repositories in DEFAULT mode.
2021-04-13 23:38:36.525  INFO 1465 --- [    Test worker] .s.d.r.c.RepositoryConfigurationDelegate : Finished Spring Data repository scanning in 35ms. Found 1 repository interfaces.
2021-04-13 23:38:36.715  INFO 1465 --- [    Test worker] trationDelegate$BeanPostProcessorChecker : Bean 'org.springframework.transaction.annotation.ProxyTransactionManagementConfiguration' of type [org.springframework.transaction.annotation.ProxyTransactionManagementConfiguration$$EnhancerBySpringCGLIB$$dedc170c] is not eligible for getting processed by all BeanPostProcessors (for example: not eligible for auto-proxying)
2021-04-13 23:38:36.912  INFO 1465 --- [    Test worker] o.s.b.w.embedded.tomcat.TomcatWebServer  : Tomcat initialized with port(s): 0 (http)
2021-04-13 23:38:36.928  INFO 1465 --- [    Test worker] o.apache.catalina.core.StandardService   : Starting service [Tomcat]
2021-04-13 23:38:36.928  INFO 1465 --- [    Test worker] org.apache.catalina.core.StandardEngine  : Starting Servlet engine: [Apache Tomcat/9.0.22]
2021-04-13 23:38:36.979  INFO 1465 --- [    Test worker] o.a.c.c.C.[Tomcat].[localhost].[/]       : Initializing Spring embedded WebApplicationContext
2021-04-13 23:38:36.979  INFO 1465 --- [    Test worker] o.s.web.context.ContextLoader            : Root WebApplicationContext: initialization completed in 803 ms
2021-04-13 23:38:37.102  INFO 1465 --- [    Test worker] com.zaxxer.hikari.HikariDataSource       : HikariPool-1 - Starting...
2021-04-13 23:38:37.194  INFO 1465 --- [    Test worker] com.zaxxer.hikari.HikariDataSource       : HikariPool-1 - Start completed.
2021-04-13 23:38:37.244  INFO 1465 --- [    Test worker] o.hibernate.jpa.internal.util.LogHelper  : HHH000204: Processing PersistenceUnitInfo [
	name: default
	...]
2021-04-13 23:38:37.287  INFO 1465 --- [    Test worker] org.hibernate.Version                    : HHH000412: Hibernate Core {5.3.10.Final}
2021-04-13 23:38:37.288  INFO 1465 --- [    Test worker] org.hibernate.cfg.Environment            : HHH000206: hibernate.properties not found
2021-04-13 23:38:37.388  INFO 1465 --- [    Test worker] o.hibernate.annotations.common.Version   : HCANN000001: Hibernate Commons Annotations {5.0.4.Final}
2021-04-13 23:38:37.479  INFO 1465 --- [    Test worker] org.hibernate.dialect.Dialect            : HHH000400: Using dialect: org.hibernate.dialect.MySQL5Dialect
Hibernate: drop table if exists posts
Hibernate: create table posts (id bigint not null auto_increment, created_date datetime, modified_date datetime, author varchar(255), content TEXT not null, title varchar(500) not null, primary key (id)) engine=MyISAM
2021-04-13 23:38:37.791  INFO 1465 --- [    Test worker] o.h.t.schema.internal.SchemaCreatorImpl  : HHH000476: Executing import script 'org.hibernate.tool.schema.internal.exec.ScriptSourceInputNonExistentImpl@7ff9204c'
2021-04-13 23:38:37.792  INFO 1465 --- [    Test worker] j.LocalContainerEntityManagerFactoryBean : Initialized JPA EntityManagerFactory for persistence unit 'default'
2021-04-13 23:38:38.130  INFO 1465 --- [    Test worker] o.s.s.concurrent.ThreadPoolTaskExecutor  : Initializing ExecutorService 'applicationTaskExecutor'
2021-04-13 23:38:38.264  WARN 1465 --- [    Test worker] aWebConfiguration$JpaWebMvcConfiguration : spring.jpa.open-in-view is enabled by default. Therefore, database queries may be performed during view rendering. Explicitly configure spring.jpa.open-in-view to disable this warning
2021-04-13 23:38:38.293  INFO 1465 --- [    Test worker] o.s.b.a.w.s.WelcomePageHandlerMapping    : Adding welcome page template: index
2021-04-13 23:38:38.435  INFO 1465 --- [    Test worker] o.s.b.w.embedded.tomcat.TomcatWebServer  : Tomcat started on port(s): 50764 (http) with context path ''
2021-04-13 23:38:38.437  INFO 1465 --- [    Test worker] c.w.springboot.web.IndexControllerTest   : Started IndexControllerTest in 2.519 seconds (JVM running for 2.901)
2021-04-13 23:38:38.505  INFO 1465 --- [o-auto-1-exec-1] o.a.c.c.C.[Tomcat].[localhost].[/]       : Initializing Spring DispatcherServlet 'dispatcherServlet'
2021-04-13 23:38:38.506  INFO 1465 --- [o-auto-1-exec-1] o.s.web.servlet.DispatcherServlet        : Initializing Servlet 'dispatcherServlet'
2021-04-13 23:38:38.515  INFO 1465 --- [o-auto-1-exec-1] o.s.web.servlet.DispatcherServlet        : Completed initialization in 9 ms
]]></system-out>
  <system-err><![CDATA[]]></system-err>
</testsuite>
